This is pdfTeX, Version 3.14159265-2.6-1.40.18 (TeX Live 2017/Debian) (preloaded format=pdflatex 2018.4.12)  7 JUN 2018 14:14
entering extended mode
 restricted \write18 enabled.
 %&-line parsing enabled.
**main.tex
(./main.tex
LaTeX2e <2017-04-15>
Babel <3.12> and hyphenation patterns for 84 language(s) loaded.
(/usr/share/texlive/texmf-dist/tex/latex/base/report.cls
Document Class: report 2014/09/29 v1.4h Standard LaTeX document class
(/usr/share/texlive/texmf-dist/tex/latex/base/size10.clo
File: size10.clo 2014/09/29 v1.4h Standard LaTeX file (size option)
)
\c@part=\count79
\c@chapter=\count80
\c@section=\count81
\c@subsection=\count82
\c@subsubsection=\count83
\c@paragraph=\count84
\c@subparagraph=\count85
\c@figure=\count86
\c@table=\count87
\abovecaptionskip=\skip41
\belowcaptionskip=\skip42
\bibindent=\dimen102
)
(/usr/share/texlive/texmf-dist/tex/latex/algorithms/algorithm.sty
Package: algorithm 2009/08/24 v0.1 Document Style `algorithm' - floating enviro
nment

(/usr/share/texlive/texmf-dist/tex/latex/float/float.sty
Package: float 2001/11/08 v1.3d Float enhancements (AL)
\c@float@type=\count88
\float@exts=\toks14
\float@box=\box26
\@float@everytoks=\toks15
\@floatcapt=\box27
)
(/usr/share/texlive/texmf-dist/tex/latex/base/ifthen.sty
Package: ifthen 2014/09/29 v1.1c Standard LaTeX ifthen package (DPC)
)
\@float@every@algorithm=\toks16
\c@algorithm=\count89
)
(/usr/share/texlive/texmf-dist/tex/latex/algorithms/algorithmic.sty
Package: algorithmic 2009/08/24 v0.1 Document Style `algorithmic'

(/usr/share/texlive/texmf-dist/tex/latex/graphics/keyval.sty
Package: keyval 2014/10/28 v1.15 key=value parser (DPC)
\KV@toks@=\toks17
)
\c@ALC@unique=\count90
\c@ALC@line=\count91
\c@ALC@rem=\count92
\c@ALC@depth=\count93
\ALC@tlm=\skip43
\algorithmicindent=\skip44
)
(/usr/share/texlive/texmf-dist/tex/latex/base/inputenc.sty
Package: inputenc 2015/03/17 v1.2c Input encoding file
\inpenc@prehook=\toks18
\inpenc@posthook=\toks19

(/usr/share/texlive/texmf-dist/tex/latex/base/utf8.def
File: utf8.def 2017/01/28 v1.1t UTF-8 support for inputenc
Now handling font encoding OML ...
... no UTF-8 mapping file for font encoding OML
Now handling font encoding T1 ...
... processing UTF-8 mapping file for font encoding T1

(/usr/share/texlive/texmf-dist/tex/latex/base/t1enc.dfu
File: t1enc.dfu 2017/01/28 v1.1t UTF-8 support for inputenc
   defining Unicode char U+00A0 (decimal 160)
   defining Unicode char U+00A1 (decimal 161)
   defining Unicode char U+00A3 (decimal 163)
   defining Unicode char U+00AB (decimal 171)
   defining Unicode char U+00AD (decimal 173)
   defining Unicode char U+00BB (decimal 187)
   defining Unicode char U+00BF (decimal 191)
   defining Unicode char U+00C0 (decimal 192)
   defining Unicode char U+00C1 (decimal 193)
   defining Unicode char U+00C2 (decimal 194)
   defining Unicode char U+00C3 (decimal 195)
   defining Unicode char U+00C4 (decimal 196)
   defining Unicode char U+00C5 (decimal 197)
   defining Unicode char U+00C6 (decimal 198)
   defining Unicode char U+00C7 (decimal 199)
   defining Unicode char U+00C8 (decimal 200)
   defining Unicode char U+00C9 (decimal 201)
   defining Unicode char U+00CA (decimal 202)
   defining Unicode char U+00CB (decimal 203)
   defining Unicode char U+00CC (decimal 204)
   defining Unicode char U+00CD (decimal 205)
   defining Unicode char U+00CE (decimal 206)
   defining Unicode char U+00CF (decimal 207)
   defining Unicode char U+00D0 (decimal 208)
   defining Unicode char U+00D1 (decimal 209)
   defining Unicode char U+00D2 (decimal 210)
   defining Unicode char U+00D3 (decimal 211)
   defining Unicode char U+00D4 (decimal 212)
   defining Unicode char U+00D5 (decimal 213)
   defining Unicode char U+00D6 (decimal 214)
   defining Unicode char U+00D8 (decimal 216)
   defining Unicode char U+00D9 (decimal 217)
   defining Unicode char U+00DA (decimal 218)
   defining Unicode char U+00DB (decimal 219)
   defining Unicode char U+00DC (decimal 220)
   defining Unicode char U+00DD (decimal 221)
   defining Unicode char U+00DE (decimal 222)
   defining Unicode char U+00DF (decimal 223)
   defining Unicode char U+00E0 (decimal 224)
   defining Unicode char U+00E1 (decimal 225)
   defining Unicode char U+00E2 (decimal 226)
   defining Unicode char U+00E3 (decimal 227)
   defining Unicode char U+00E4 (decimal 228)
   defining Unicode char U+00E5 (decimal 229)
   defining Unicode char U+00E6 (decimal 230)
   defining Unicode char U+00E7 (decimal 231)
   defining Unicode char U+00E8 (decimal 232)
   defining Unicode char U+00E9 (decimal 233)
   defining Unicode char U+00EA (decimal 234)
   defining Unicode char U+00EB (decimal 235)
   defining Unicode char U+00EC (decimal 236)
   defining Unicode char U+00ED (decimal 237)
   defining Unicode char U+00EE (decimal 238)
   defining Unicode char U+00EF (decimal 239)
   defining Unicode char U+00F0 (decimal 240)
   defining Unicode char U+00F1 (decimal 241)
   defining Unicode char U+00F2 (decimal 242)
   defining Unicode char U+00F3 (decimal 243)
   defining Unicode char U+00F4 (decimal 244)
   defining Unicode char U+00F5 (decimal 245)
   defining Unicode char U+00F6 (decimal 246)
   defining Unicode char U+00F8 (decimal 248)
   defining Unicode char U+00F9 (decimal 249)
   defining Unicode char U+00FA (decimal 250)
   defining Unicode char U+00FB (decimal 251)
   defining Unicode char U+00FC (decimal 252)
   defining Unicode char U+00FD (decimal 253)
   defining Unicode char U+00FE (decimal 254)
   defining Unicode char U+00FF (decimal 255)
   defining Unicode char U+0100 (decimal 256)
   defining Unicode char U+0101 (decimal 257)
   defining Unicode char U+0102 (decimal 258)
   defining Unicode char U+0103 (decimal 259)
   defining Unicode char U+0104 (decimal 260)
   defining Unicode char U+0105 (decimal 261)
   defining Unicode char U+0106 (decimal 262)
   defining Unicode char U+0107 (decimal 263)
   defining Unicode char U+0108 (decimal 264)
   defining Unicode char U+0109 (decimal 265)
   defining Unicode char U+010A (decimal 266)
   defining Unicode char U+010B (decimal 267)
   defining Unicode char U+010C (decimal 268)
   defining Unicode char U+010D (decimal 269)
   defining Unicode char U+010E (decimal 270)
   defining Unicode char U+010F (decimal 271)
   defining Unicode char U+0110 (decimal 272)
   defining Unicode char U+0111 (decimal 273)
   defining Unicode char U+0112 (decimal 274)
   defining Unicode char U+0113 (decimal 275)
   defining Unicode char U+0114 (decimal 276)
   defining Unicode char U+0115 (decimal 277)
   defining Unicode char U+0116 (decimal 278)
   defining Unicode char U+0117 (decimal 279)
   defining Unicode char U+0118 (decimal 280)
   defining Unicode char U+0119 (decimal 281)
   defining Unicode char U+011A (decimal 282)
   defining Unicode char U+011B (decimal 283)
   defining Unicode char U+011C (decimal 284)
   defining Unicode char U+011D (decimal 285)
   defining Unicode char U+011E (decimal 286)
   defining Unicode char U+011F (decimal 287)
   defining Unicode char U+0120 (decimal 288)
   defining Unicode char U+0121 (decimal 289)
   defining Unicode char U+0122 (decimal 290)
   defining Unicode char U+0123 (decimal 291)
   defining Unicode char U+0124 (decimal 292)
   defining Unicode char U+0125 (decimal 293)
   defining Unicode char U+0128 (decimal 296)
   defining Unicode char U+0129 (decimal 297)
   defining Unicode char U+012A (decimal 298)
   defining Unicode char U+012B (decimal 299)
   defining Unicode char U+012C (decimal 300)
   defining Unicode char U+012D (decimal 301)
   defining Unicode char U+012E (decimal 302)
   defining Unicode char U+012F (decimal 303)
   defining Unicode char U+0130 (decimal 304)
   defining Unicode char U+0131 (decimal 305)
   defining Unicode char U+0132 (decimal 306)
   defining Unicode char U+0133 (decimal 307)
   defining Unicode char U+0134 (decimal 308)
   defining Unicode char U+0135 (decimal 309)
   defining Unicode char U+0136 (decimal 310)
   defining Unicode char U+0137 (decimal 311)
   defining Unicode char U+0139 (decimal 313)
   defining Unicode char U+013A (decimal 314)
   defining Unicode char U+013B (decimal 315)
   defining Unicode char U+013C (decimal 316)
   defining Unicode char U+013D (decimal 317)
   defining Unicode char U+013E (decimal 318)
   defining Unicode char U+0141 (decimal 321)
   defining Unicode char U+0142 (decimal 322)
   defining Unicode char U+0143 (decimal 323)
   defining Unicode char U+0144 (decimal 324)
   defining Unicode char U+0145 (decimal 325)
   defining Unicode char U+0146 (decimal 326)
   defining Unicode char U+0147 (decimal 327)
   defining Unicode char U+0148 (decimal 328)
   defining Unicode char U+014A (decimal 330)
   defining Unicode char U+014B (decimal 331)
   defining Unicode char U+014C (decimal 332)
   defining Unicode char U+014D (decimal 333)
   defining Unicode char U+014E (decimal 334)
   defining Unicode char U+014F (decimal 335)
   defining Unicode char U+0150 (decimal 336)
   defining Unicode char U+0151 (decimal 337)
   defining Unicode char U+0152 (decimal 338)
   defining Unicode char U+0153 (decimal 339)
   defining Unicode char U+0154 (decimal 340)
   defining Unicode char U+0155 (decimal 341)
   defining Unicode char U+0156 (decimal 342)
   defining Unicode char U+0157 (decimal 343)
   defining Unicode char U+0158 (decimal 344)
   defining Unicode char U+0159 (decimal 345)
   defining Unicode char U+015A (decimal 346)
   defining Unicode char U+015B (decimal 347)
   defining Unicode char U+015C (decimal 348)
   defining Unicode char U+015D (decimal 349)
   defining Unicode char U+015E (decimal 350)
   defining Unicode char U+015F (decimal 351)
   defining Unicode char U+0160 (decimal 352)
   defining Unicode char U+0161 (decimal 353)
   defining Unicode char U+0162 (decimal 354)
   defining Unicode char U+0163 (decimal 355)
   defining Unicode char U+0164 (decimal 356)
   defining Unicode char U+0165 (decimal 357)
   defining Unicode char U+0168 (decimal 360)
   defining Unicode char U+0169 (decimal 361)
   defining Unicode char U+016A (decimal 362)
   defining Unicode char U+016B (decimal 363)
   defining Unicode char U+016C (decimal 364)
   defining Unicode char U+016D (decimal 365)
   defining Unicode char U+016E (decimal 366)
   defining Unicode char U+016F (decimal 367)
   defining Unicode char U+0170 (decimal 368)
   defining Unicode char U+0171 (decimal 369)
   defining Unicode char U+0172 (decimal 370)
   defining Unicode char U+0173 (decimal 371)
   defining Unicode char U+0174 (decimal 372)
   defining Unicode char U+0175 (decimal 373)
   defining Unicode char U+0176 (decimal 374)
   defining Unicode char U+0177 (decimal 375)
   defining Unicode char U+0178 (decimal 376)
   defining Unicode char U+0179 (decimal 377)
   defining Unicode char U+017A (decimal 378)
   defining Unicode char U+017B (decimal 379)
   defining Unicode char U+017C (decimal 380)
   defining Unicode char U+017D (decimal 381)
   defining Unicode char U+017E (decimal 382)
   defining Unicode char U+01CD (decimal 461)
   defining Unicode char U+01CE (decimal 462)
   defining Unicode char U+01CF (decimal 463)
   defining Unicode char U+01D0 (decimal 464)
   defining Unicode char U+01D1 (decimal 465)
   defining Unicode char U+01D2 (decimal 466)
   defining Unicode char U+01D3 (decimal 467)
   defining Unicode char U+01D4 (decimal 468)
   defining Unicode char U+01E2 (decimal 482)
   defining Unicode char U+01E3 (decimal 483)
   defining Unicode char U+01E6 (decimal 486)
   defining Unicode char U+01E7 (decimal 487)
   defining Unicode char U+01E8 (decimal 488)
   defining Unicode char U+01E9 (decimal 489)
   defining Unicode char U+01EA (decimal 490)
   defining Unicode char U+01EB (decimal 491)
   defining Unicode char U+01F0 (decimal 496)
   defining Unicode char U+01F4 (decimal 500)
   defining Unicode char U+01F5 (decimal 501)
   defining Unicode char U+0218 (decimal 536)
   defining Unicode char U+0219 (decimal 537)
   defining Unicode char U+021A (decimal 538)
   defining Unicode char U+021B (decimal 539)
   defining Unicode char U+0232 (decimal 562)
   defining Unicode char U+0233 (decimal 563)
   defining Unicode char U+1E02 (decimal 7682)
   defining Unicode char U+1E03 (decimal 7683)
   defining Unicode char U+200C (decimal 8204)
   defining Unicode char U+2010 (decimal 8208)
   defining Unicode char U+2011 (decimal 8209)
   defining Unicode char U+2012 (decimal 8210)
   defining Unicode char U+2013 (decimal 8211)
   defining Unicode char U+2014 (decimal 8212)
   defining Unicode char U+2015 (decimal 8213)
   defining Unicode char U+2018 (decimal 8216)
   defining Unicode char U+2019 (decimal 8217)
   defining Unicode char U+201A (decimal 8218)
   defining Unicode char U+201C (decimal 8220)
   defining Unicode char U+201D (decimal 8221)
   defining Unicode char U+201E (decimal 8222)
   defining Unicode char U+2030 (decimal 8240)
   defining Unicode char U+2031 (decimal 8241)
   defining Unicode char U+2039 (decimal 8249)
   defining Unicode char U+203A (decimal 8250)
   defining Unicode char U+2423 (decimal 9251)
   defining Unicode char U+1E20 (decimal 7712)
   defining Unicode char U+1E21 (decimal 7713)
)
Now handling font encoding OT1 ...
... processing UTF-8 mapping file for font encoding OT1

(/usr/share/texlive/texmf-dist/tex/latex/base/ot1enc.dfu
File: ot1enc.dfu 2017/01/28 v1.1t UTF-8 support for inputenc
   defining Unicode char U+00A0 (decimal 160)
   defining Unicode char U+00A1 (decimal 161)
   defining Unicode char U+00A3 (decimal 163)
   defining Unicode char U+00AD (decimal 173)
   defining Unicode char U+00B8 (decimal 184)
   defining Unicode char U+00BF (decimal 191)
   defining Unicode char U+00C5 (decimal 197)
   defining Unicode char U+00C6 (decimal 198)
   defining Unicode char U+00D8 (decimal 216)
   defining Unicode char U+00DF (decimal 223)
   defining Unicode char U+00E6 (decimal 230)
   defining Unicode char U+00EC (decimal 236)
   defining Unicode char U+00ED (decimal 237)
   defining Unicode char U+00EE (decimal 238)
   defining Unicode char U+00EF (decimal 239)
   defining Unicode char U+00F8 (decimal 248)
   defining Unicode char U+0131 (decimal 305)
   defining Unicode char U+0141 (decimal 321)
   defining Unicode char U+0142 (decimal 322)
   defining Unicode char U+0152 (decimal 338)
   defining Unicode char U+0153 (decimal 339)
   defining Unicode char U+0174 (decimal 372)
   defining Unicode char U+0175 (decimal 373)
   defining Unicode char U+0176 (decimal 374)
   defining Unicode char U+0177 (decimal 375)
   defining Unicode char U+0218 (decimal 536)
   defining Unicode char U+0219 (decimal 537)
   defining Unicode char U+021A (decimal 538)
   defining Unicode char U+021B (decimal 539)
   defining Unicode char U+2013 (decimal 8211)
   defining Unicode char U+2014 (decimal 8212)
   defining Unicode char U+2018 (decimal 8216)
   defining Unicode char U+2019 (decimal 8217)
   defining Unicode char U+201C (decimal 8220)
   defining Unicode char U+201D (decimal 8221)
)
Now handling font encoding OMS ...
... processing UTF-8 mapping file for font encoding OMS

(/usr/share/texlive/texmf-dist/tex/latex/base/omsenc.dfu
File: omsenc.dfu 2017/01/28 v1.1t UTF-8 support for inputenc
   defining Unicode char U+00A7 (decimal 167)
   defining Unicode char U+00B6 (decimal 182)
   defining Unicode char U+00B7 (decimal 183)
   defining Unicode char U+2020 (decimal 8224)
   defining Unicode char U+2021 (decimal 8225)
   defining Unicode char U+2022 (decimal 8226)
)
Now handling font encoding OMX ...
... no UTF-8 mapping file for font encoding OMX
Now handling font encoding U ...
... no UTF-8 mapping file for font encoding U
   defining Unicode char U+00A9 (decimal 169)
   defining Unicode char U+00AA (decimal 170)
   defining Unicode char U+00AE (decimal 174)
   defining Unicode char U+00BA (decimal 186)
   defining Unicode char U+02C6 (decimal 710)
   defining Unicode char U+02DC (decimal 732)
   defining Unicode char U+200C (decimal 8204)
   defining Unicode char U+2026 (decimal 8230)
   defining Unicode char U+2122 (decimal 8482)
   defining Unicode char U+2423 (decimal 9251)
))
(/usr/share/texlive/texmf-dist/tex/generic/babel/babel.sty
Package: babel 2017/06/29 3.12 The Babel package

(/usr/share/texlive/texmf-dist/tex/generic/babel/switch.def
File: switch.def 2017/06/29 3.12 Babel switching mechanism
)
(/usr/share/texlive/texmf-dist/tex/generic/babel-english/english.ldf
Language: english 2017/06/06 v3.3r English support from the babel system

(/usr/share/texlive/texmf-dist/tex/generic/babel/babel.def
File: babel.def 2017/06/29 3.12 Babel common definitions

(/usr/share/texlive/texmf-dist/tex/generic/babel/switch.def
File: switch.def 2017/06/29 3.12 Babel switching mechanism
)
\babel@savecnt=\count94
\U@D=\dimen103
)
\l@canadian = a dialect from \language\l@american 
\l@australian = a dialect from \language\l@british 
\l@newzealand = a dialect from \language\l@british 
))
(./duomasterforside.sty
Package: duomasterforside 2016/05/22 v1.0 UiO document class
 (./duoforside.tex
(/usr/share/texlive/texmf-dist/tex/latex/graphics/graphicx.sty
Package: graphicx 2017/06/01 v1.1a Enhanced LaTeX Graphics (DPC,SPQR)

(/usr/share/texlive/texmf-dist/tex/latex/graphics/graphics.sty
Package: graphics 2017/06/25 v1.2c Standard LaTeX Graphics (DPC,SPQR)

(/usr/share/texlive/texmf-dist/tex/latex/graphics/trig.sty
Package: trig 2016/01/03 v1.10 sin cos tan (DPC)
)
(/usr/share/texlive/texmf-dist/tex/latex/graphics-cfg/graphics.cfg
File: graphics.cfg 2016/06/04 v1.11 sample graphics configuration
)
Package graphics Info: Driver file: pdftex.def on input line 99.

(/usr/share/texlive/texmf-dist/tex/latex/graphics-def/pdftex.def
File: pdftex.def 2017/06/24 v1.0g Graphics/color driver for pdftex
))
\Gin@req@height=\dimen104
\Gin@req@width=\dimen105
)
(/usr/share/texlive/texmf-dist/tex/latex/xifthen/xifthen.sty
Package: xifthen 2015/11/05 v1.4.0 Extended ifthen features

(/usr/share/texlive/texmf-dist/tex/latex/tools/calc.sty
Package: calc 2014/10/28 v4.3 Infix arithmetic (KKT,FJ)
\calc@Acount=\count95
\calc@Bcount=\count96
\calc@Adimen=\dimen106
\calc@Bdimen=\dimen107
\calc@Askip=\skip45
\calc@Bskip=\skip46
LaTeX Info: Redefining \setlength on input line 80.
LaTeX Info: Redefining \addtolength on input line 81.
\calc@Ccount=\count97
\calc@Cskip=\skip47
)
(/usr/share/texlive/texmf-dist/tex/latex/ifmtarg/ifmtarg.sty
Package: ifmtarg 2009/09/02 v1.2a check for an empty argument
))
(/usr/share/texlive/texmf-dist/tex/latex/type1cm/type1cm.sty
Package: type1cm 2002/09/05 v0.04 BlueSky/Y&Y Type1 CM font definitions (DPC, p
atched RF)
)
(/usr/share/texmf/tex/latex/cm-super/type1ec.sty
Package: type1ec 2002/09/07 v1.1 Type1 EC font definitions (for CM-Super fonts)


(/usr/share/texlive/texmf-dist/tex/latex/base/t1cmr.fd
File: t1cmr.fd 2014/09/29 v2.5h Standard LaTeX font definitions
))
(/usr/share/texlive/texmf-dist/tex/latex/url/url.sty
\Urlmuskip=\muskip10
Package: url 2013/09/16  ver 3.4  Verb mode for urls, etc.
)
\c@duo@cur@year=\count98
\c@duo@cur@month=\count99
))
(/usr/share/texlive/texmf-dist/tex/latex/graphics/color.sty
Package: color 2016/07/10 v1.1e Standard LaTeX Color (DPC)

(/usr/share/texlive/texmf-dist/tex/latex/graphics-cfg/color.cfg
File: color.cfg 2016/01/02 v1.6 sample color configuration
)
Package color Info: Driver file: pdftex.def on input line 147.
)
(/usr/share/texlive/texmf-dist/tex/latex/hyperref/hyperref.sty
Package: hyperref 2017/03/14 v6.85a Hypertext links for LaTeX

(/usr/share/texlive/texmf-dist/tex/generic/oberdiek/hobsub-hyperref.sty
Package: hobsub-hyperref 2016/05/16 v1.14 Bundle oberdiek, subset hyperref (HO)


(/usr/share/texlive/texmf-dist/tex/generic/oberdiek/hobsub-generic.sty
Package: hobsub-generic 2016/05/16 v1.14 Bundle oberdiek, subset generic (HO)
Package: hobsub 2016/05/16 v1.14 Construct package bundles (HO)
Package: infwarerr 2016/05/16 v1.4 Providing info/warning/error messages (HO)
Package: ltxcmds 2016/05/16 v1.23 LaTeX kernel commands for general use (HO)
Package: ifluatex 2016/05/16 v1.4 Provides the ifluatex switch (HO)
Package ifluatex Info: LuaTeX not detected.
Package: ifvtex 2016/05/16 v1.6 Detect VTeX and its facilities (HO)
Package ifvtex Info: VTeX not detected.
Package: intcalc 2016/05/16 v1.2 Expandable calculations with integers (HO)
Package: ifpdf 2017/03/15 v3.2 Provides the ifpdf switch
Package: etexcmds 2016/05/16 v1.6 Avoid name clashes with e-TeX commands (HO)
Package etexcmds Info: Could not find \expanded.
(etexcmds)             That can mean that you are not using pdfTeX 1.50 or
(etexcmds)             that some package has redefined \expanded.
(etexcmds)             In the latter case, load this package earlier.
Package: kvsetkeys 2016/05/16 v1.17 Key value parser (HO)
Package: kvdefinekeys 2016/05/16 v1.4 Define keys (HO)
Package: pdftexcmds 2017/03/19 v0.25 Utility functions of pdfTeX for LuaTeX (HO
)
Package pdftexcmds Info: LuaTeX not detected.
Package pdftexcmds Info: \pdf@primitive is available.
Package pdftexcmds Info: \pdf@ifprimitive is available.
Package pdftexcmds Info: \pdfdraftmode found.
Package: pdfescape 2016/05/16 v1.14 Implements pdfTeX's escape features (HO)
Package: bigintcalc 2016/05/16 v1.4 Expandable calculations on big integers (HO
)
Package: bitset 2016/05/16 v1.2 Handle bit-vector datatype (HO)
Package: uniquecounter 2016/05/16 v1.3 Provide unlimited unique counter (HO)
)
Package hobsub Info: Skipping package `hobsub' (already loaded).
Package: letltxmacro 2016/05/16 v1.5 Let assignment for LaTeX macros (HO)
Package: hopatch 2016/05/16 v1.3 Wrapper for package hooks (HO)
Package: xcolor-patch 2016/05/16 xcolor patch
Package: atveryend 2016/05/16 v1.9 Hooks at the very end of document (HO)
Package atveryend Info: \enddocument detected (standard20110627).
Package: atbegshi 2016/06/09 v1.18 At begin shipout hook (HO)
Package: refcount 2016/05/16 v3.5 Data extraction from label references (HO)
Package: hycolor 2016/05/16 v1.8 Color options for hyperref/bookmark (HO)
)
(/usr/share/texlive/texmf-dist/tex/generic/ifxetex/ifxetex.sty
Package: ifxetex 2010/09/12 v0.6 Provides ifxetex conditional
)
(/usr/share/texlive/texmf-dist/tex/latex/oberdiek/auxhook.sty
Package: auxhook 2016/05/16 v1.4 Hooks for auxiliary files (HO)
)
(/usr/share/texlive/texmf-dist/tex/latex/oberdiek/kvoptions.sty
Package: kvoptions 2016/05/16 v3.12 Key value format for package options (HO)
)
\@linkdim=\dimen108
\Hy@linkcounter=\count100
\Hy@pagecounter=\count101

(/usr/share/texlive/texmf-dist/tex/latex/hyperref/pd1enc.def
File: pd1enc.def 2017/03/14 v6.85a Hyperref: PDFDocEncoding definition (HO)
Now handling font encoding PD1 ...
... no UTF-8 mapping file for font encoding PD1
)
\Hy@SavedSpaceFactor=\count102

(/usr/share/texlive/texmf-dist/tex/latex/latexconfig/hyperref.cfg
File: hyperref.cfg 2002/06/06 v1.2 hyperref configuration of TeXLive
)
Package hyperref Info: Hyper figures OFF on input line 4498.
Package hyperref Info: Link nesting OFF on input line 4503.
Package hyperref Info: Hyper index ON on input line 4506.
Package hyperref Info: Plain pages OFF on input line 4513.
Package hyperref Info: Backreferencing OFF on input line 4518.
Package hyperref Info: Implicit mode ON; LaTeX internals redefined.
Package hyperref Info: Bookmarks ON on input line 4751.
\c@Hy@tempcnt=\count103
LaTeX Info: Redefining \url on input line 5104.
\XeTeXLinkMargin=\dimen109
\Fld@menulength=\count104
\Field@Width=\dimen110
\Fld@charsize=\dimen111
Package hyperref Info: Hyper figures OFF on input line 6358.
Package hyperref Info: Link nesting OFF on input line 6363.
Package hyperref Info: Hyper index ON on input line 6366.
Package hyperref Info: backreferencing OFF on input line 6373.
Package hyperref Info: Link coloring OFF on input line 6378.
Package hyperref Info: Link coloring with OCG OFF on input line 6383.
Package hyperref Info: PDF/A mode OFF on input line 6388.
LaTeX Info: Redefining \ref on input line 6428.
LaTeX Info: Redefining \pageref on input line 6432.
\Hy@abspage=\count105
\c@Item=\count106
\c@Hfootnote=\count107
)

Package hyperref Message: Driver (autodetected): hpdftex.

(/usr/share/texlive/texmf-dist/tex/latex/hyperref/hpdftex.def
File: hpdftex.def 2017/03/14 v6.85a Hyperref driver for pdfTeX
\Fld@listcount=\count108
\c@bookmark@seq@number=\count109

(/usr/share/texlive/texmf-dist/tex/latex/oberdiek/rerunfilecheck.sty
Package: rerunfilecheck 2016/05/16 v1.8 Rerun checks for auxiliary files (HO)
Package uniquecounter Info: New unique counter `rerunfilecheck' on input line 2
82.
)
\Hy@SectionHShift=\skip48
)
(/usr/share/texlive/texmf-dist/tex/latex/subfig/subfig.sty
Package: subfig 2005/06/28 ver: 1.3 subfig package

(/usr/share/texlive/texmf-dist/tex/latex/caption/caption.sty
Package: caption 2016/02/21 v3.3-144 Customizing captions (AR)

(/usr/share/texlive/texmf-dist/tex/latex/caption/caption3.sty
Package: caption3 2016/05/22 v1.7-166 caption3 kernel (AR)
Package caption3 Info: TeX engine: e-TeX on input line 67.
\captionmargin=\dimen112
\captionmargin@=\dimen113
\captionwidth=\dimen114
\caption@tempdima=\dimen115
\caption@indent=\dimen116
\caption@parindent=\dimen117
\caption@hangindent=\dimen118
)
\c@ContinuedFloat=\count110
Package caption Info: float package is loaded.
Package caption Info: hyperref package is loaded.
)
\c@KVtest=\count111
\sf@farskip=\skip49
\sf@captopadj=\dimen119
\sf@capskip=\skip50
\sf@nearskip=\skip51
\c@subfigure=\count112
\c@subfigure@save=\count113
\c@lofdepth=\count114
\c@subtable=\count115
\c@subtable@save=\count116
\c@lotdepth=\count117
\sf@top=\skip52
\sf@bottom=\skip53
)
(/usr/share/texlive/texmf-dist/tex/latex/svg/svg.sty
Package: svg 2017/05/23 v2.00b (include SVG pictures)

(/usr/share/texlive/texmf-dist/tex/latex/koma-script/scrbase.sty
Package: scrbase 2017/04/13 v3.23 KOMA-Script package (KOMA-Script-independent 
basics and keyval usage)

(/usr/share/texlive/texmf-dist/tex/latex/koma-script/scrlfile.sty
Package: scrlfile 2017/04/13 v3.23 KOMA-Script package (loading files)

Package scrlfile, 2017/04/13 v3.23 KOMA-Script package (loading files)
                  Copyright (C) Markus Kohm

)) (/usr/share/texlive/texmf-dist/tex/latex/tools/shellesc.sty
Package: shellesc 2016/06/07 v0.02a unified shell escape interface for LaTeX
Package shellesc Info: Restricted shell escape enabled on input line 69.
)
\c@svg@param@lastpage=\count118
\c@svg@param@currpage=\count119
)
(/usr/share/texlive/texmf-dist/tex/latex/xcolor/xcolor.sty
Package: xcolor 2016/05/11 v2.12 LaTeX color extensions (UK)

(/usr/share/texlive/texmf-dist/tex/latex/graphics-cfg/color.cfg
File: color.cfg 2016/01/02 v1.6 sample color configuration
)
Package xcolor Info: Driver file: pdftex.def on input line 225.
LaTeX Info: Redefining \color on input line 709.
Package xcolor Info: Model `cmy' substituted by `cmy0' on input line 1348.
Package xcolor Info: Model `hsb' substituted by `rgb' on input line 1352.
Package xcolor Info: Model `RGB' extended on input line 1364.
Package xcolor Info: Model `HTML' substituted by `rgb' on input line 1366.
Package xcolor Info: Model `Hsb' substituted by `hsb' on input line 1367.
Package xcolor Info: Model `tHsb' substituted by `hsb' on input line 1368.
Package xcolor Info: Model `HSB' substituted by `hsb' on input line 1369.
Package xcolor Info: Model `Gray' substituted by `gray' on input line 1370.
Package xcolor Info: Model `wave' substituted by `hsb' on input line 1371.
)
(/usr/share/texlive/texmf-dist/tex/latex/oberdiek/transparent.sty
Package: transparent 2016/05/16 v1.1 Transparency via pdfTeX's color stack (HO)

)
(/usr/share/texlive/texmf-dist/tex/latex/listings/listings.sty
\lst@mode=\count120
\lst@gtempboxa=\box28
\lst@token=\toks20
\lst@length=\count121
\lst@currlwidth=\dimen120
\lst@column=\count122
\lst@pos=\count123
\lst@lostspace=\dimen121
\lst@width=\dimen122
\lst@newlines=\count124
\lst@lineno=\count125
\lst@maxwidth=\dimen123

(/usr/share/texlive/texmf-dist/tex/latex/listings/lstmisc.sty
File: lstmisc.sty 2015/06/04 1.6 (Carsten Heinz)
\c@lstnumber=\count126
\lst@skipnumbers=\count127
\lst@framebox=\box29
)
(/usr/share/texlive/texmf-dist/tex/latex/listings/listings.cfg
File: listings.cfg 2015/06/04 1.6 listings configuration
))
Package: listings 2015/06/04 1.6 (Carsten Heinz)

(/usr/share/texlive/texmf-dist/tex/latex/wrapfig/wrapfig.sty
\wrapoverhang=\dimen124
\WF@size=\dimen125
\c@WF@wrappedlines=\count128
\WF@box=\box30
\WF@everypar=\toks21
Package: wrapfig 2003/01/31  v 3.6
)
(/usr/share/texlive/texmf-dist/tex/latex/lipsum/lipsum.sty
Package: lipsum 2014/07/27 v1.3 150 paragraphs of Lorem Ipsum dummy text
\c@lips@count=\count129
)
Package hyperref Info: Option `colorlinks' set `true' on input line 43.
Package hyperref Info: Option `linktocpage' set `true' on input line 43.
 (./main.aux)
\openout1 = `main.aux'.

LaTeX Font Info:    Checking defaults for OML/cmm/m/it on input line 49.
LaTeX Font Info:    ... okay on input line 49.
LaTeX Font Info:    Checking defaults for T1/cmr/m/n on input line 49.
LaTeX Font Info:    ... okay on input line 49.
LaTeX Font Info:    Checking defaults for OT1/cmr/m/n on input line 49.
LaTeX Font Info:    ... okay on input line 49.
LaTeX Font Info:    Checking defaults for OMS/cmsy/m/n on input line 49.
LaTeX Font Info:    ... okay on input line 49.
LaTeX Font Info:    Checking defaults for OMX/cmex/m/n on input line 49.
LaTeX Font Info:    ... okay on input line 49.
LaTeX Font Info:    Checking defaults for U/cmr/m/n on input line 49.
LaTeX Font Info:    ... okay on input line 49.
LaTeX Font Info:    Checking defaults for PD1/pdf/m/n on input line 49.
LaTeX Font Info:    ... okay on input line 49.

(/usr/share/texlive/texmf-dist/tex/context/base/mkii/supp-pdf.mkii
[Loading MPS to PDF converter (version 2006.09.02).]
\scratchcounter=\count130
\scratchdimen=\dimen126
\scratchbox=\box31
\nofMPsegments=\count131
\nofMParguments=\count132
\everyMPshowfont=\toks22
\MPscratchCnt=\count133
\MPscratchDim=\dimen127
\MPnumerator=\count134
\makeMPintoPDFobject=\count135
\everyMPtoPDFconversion=\toks23
) (/usr/share/texlive/texmf-dist/tex/latex/oberdiek/epstopdf-base.sty
Package: epstopdf-base 2016/05/15 v2.6 Base part for package epstopdf

(/usr/share/texlive/texmf-dist/tex/latex/oberdiek/grfext.sty
Package: grfext 2016/05/16 v1.2 Manage graphics extensions (HO)
)
Package epstopdf-base Info: Redefining graphics rule for `.eps' on input line 4
38.
Package grfext Info: Graphics extension search list:
(grfext)             [.pdf,.png,.jpg,.mps,.jpeg,.jbig2,.jb2,.PDF,.PNG,.JPG,.JPE
G,.JBIG2,.JB2,.eps]
(grfext)             \AppendGraphicsExtensions on input line 456.

(/usr/share/texlive/texmf-dist/tex/latex/latexconfig/epstopdf-sys.cfg
File: epstopdf-sys.cfg 2010/07/13 v1.3 Configuration of (r)epstopdf for TeX Liv
e
))
\AtBeginShipoutBox=\box32
Package hyperref Info: Link coloring ON on input line 49.

(/usr/share/texlive/texmf-dist/tex/latex/hyperref/nameref.sty
Package: nameref 2016/05/21 v2.44 Cross-referencing by name of section

(/usr/share/texlive/texmf-dist/tex/generic/oberdiek/gettitlestring.sty
Package: gettitlestring 2016/05/16 v1.5 Cleanup title references (HO)
)
\c@section@level=\count136
)
LaTeX Info: Redefining \ref on input line 49.
LaTeX Info: Redefining \pageref on input line 49.
LaTeX Info: Redefining \nameref on input line 49.

(./main.out) (./main.out)
\@outlinefile=\write3
\openout3 = `main.out'.

Package caption Info: Begin \AtBeginDocument code.
Package caption Info: subfig package v1.3 is loaded.
Package caption Info: listings package is loaded.
Package caption Info: wrapfig package is loaded.
Package caption Info: End \AtBeginDocument code.
\c@lstlisting=\count137
Package hyperref Info: Option `pageanchor' set `false' on input line 52.
LaTeX Font Info:    Try loading font information for T1+phv on input line 52.

(/usr/share/texlive/texmf-dist/tex/latex/psnfss/t1phv.fd
File: t1phv.fd 2001/06/04 scalable font definitions for T1/phv.
)
<DUO_UiO_segl.png, id=474, 142.3719pt x 142.3719pt>
File: DUO_UiO_segl.png Graphic file (type png)
<use DUO_UiO_segl.png>
Package pdftex.def Info: DUO_UiO_segl.png  used on input line 52. on input line
 52.
Package pdftex.def Info: Requested size: 170.71652pt x 170.73027pt on input lin
e 52.
 [1

{/var/lib/texmf/fonts/map/pdftex/updmap/pdftex.map} <./DUO_UiO_segl.png>] [1] [
1]
LaTeX Font Info:    Try loading font information for OMS+phv on input line 52.

(/usr/share/texlive/texmf-dist/tex/latex/psnfss/omsphv.fd
File: omsphv.fd 
)
LaTeX Font Info:    Font shape `OMS/phv/m/n' in size <10> not available
(Font)              Font shape `OMS/cmsy/m/n' tried instead on input line 52.
LaTeX Font Info:    Try loading font information for T1+cmtt on input line 52.

(/usr/share/texlive/texmf-dist/tex/latex/base/t1cmtt.fd
File: t1cmtt.fd 2014/09/29 v2.5h Standard LaTeX font definitions
) [1]
Package hyperref Info: Option `pageanchor' set `true' on input line 52.
LaTeX Font Info:    Font shape `OMS/cmr/m/n' in size <10> not available
(Font)              Font shape `OMS/cmsy/m/n' tried instead on input line 59.
 [1] [2]
Underfull \hbox (badness 10000) in paragraph at lines 78--82

 []

[3] (./main.toc [4

] [5])
\tf@toc=\write4
\openout4 = `main.toc'.

 [6]
Chapter 1.

Overfull \hbox (17.22289pt too wide) in paragraph at lines 90--108
 [][] 
 []


Overfull \hbox (5.39423pt too wide) in paragraph at lines 113--128
 [][] 
 []

[7

]
Chapter 2.
[8

] [9] [10] [11]
<drill_advantages.png, id=702, 737.75626pt x 409.53pt>
File: drill_advantages.png Graphic file (type png)
<use drill_advantages.png>
Package pdftex.def Info: drill_advantages.png  used on input line 199. on input
 line 199.
Package pdftex.def Info: Requested size: 345.0pt x 191.51054pt on input line 19
9.
 [12 <./drill_advantages.png>] [13]
Chapter 3.
[14

] [15] [16]
<mapr_drill1.png, id=761, 602.25pt x 286.06876pt>
File: mapr_drill1.png Graphic file (type png)
<use mapr_drill1.png>
Package pdftex.def Info: mapr_drill1.png  used on input line 277. on input line
 277.
Package pdftex.def Info: Requested size: 345.0pt x 163.88152pt on input line 27
7.
 [17]
<mapr_drill2.png, id=773, 602.25pt x 277.035pt>
File: mapr_drill2.png Graphic file (type png)
<use mapr_drill2.png>
Package pdftex.def Info: mapr_drill2.png  used on input line 285. on input line
 285.
Package pdftex.def Info: Requested size: 345.0pt x 158.7063pt on input line 285
.
 [18 <./mapr_drill1.png> <./mapr_drill2.png>]
<GA.png, id=789, 398.48875pt x 370.38374pt>
File: GA.png Graphic file (type png)
<use GA.png>
Package pdftex.def Info: GA.png  used on input line 297. on input line 297.
Package pdftex.def Info: Requested size: 345.0pt x 320.68271pt on input line 29
7.
 [19] [20 <./GA.png>] [21] [22

]
<PBIL.png, id=816, 447.6725pt x 635.37375pt>
File: PBIL.png Graphic file (type png)
<use PBIL.png>
Package pdftex.def Info: PBIL.png  used on input line 314. on input line 314.
Package pdftex.def Info: Requested size: 310.0pt x 439.98865pt on input line 31
4.
 [23 <./PBIL.png>] [24] [25]
Overfull \hbox (12.50081pt too wide) in paragraph at lines 342--343
\OT1/cmr/m/n/10 Im-pala, Con-cur-rent Lin-gual, Hadapt, In-finiDB, Jethro-Data,
 Mam-mothDB, Apache
 []

[26]
Overfull \hbox (0.86168pt too wide) in paragraph at lines 357--358
[]\OT1/cmr/m/n/10 Telecommunications com-pa-nies can adapt all the afore-men-ti
oned use cases.
 []

[27] [28]
Chapter 4.
<cluster.png, id=878, 667.49374pt x 491.8375pt>
File: cluster.png Graphic file (type png)
<use cluster.png>
Package pdftex.def Info: cluster.png  used on input line 372. on input line 372
.
Package pdftex.def Info: Requested size: 345.0pt x 254.21848pt on input line 37
2.
[29

 <./cluster.png>]
<tech_stack.pdf, id=887, pagebox=cropbox, 457.71pt x 217.81375pt>
File: tech_stack.pdf Graphic file (type pdf)
<use tech_stack.pdf>
Package pdftex.def Info: tech_stack.pdf  used on input line 396. on input line 
396.
Package pdftex.def Info: Requested size: 345.0pt x 164.18414pt on input line 39
6.
 [30 <./tech_stack.pdf

pdfTeX warning: /usr/bin/pdflatex (file ./tech_stack.pdf): PDF inclusion: inval
id other resource which is no dict (key 'ProcSets', type <array>); ignored.
>]
<OOP.pdf, id=918, pagebox=cropbox, 210.7875pt x 343.2825pt>
File: OOP.pdf Graphic file (type pdf)
<use OOP.pdf>
Package pdftex.def Info: OOP.pdf  used on input line 406. on input line 406.
Package pdftex.def Info: Requested size: 200.0pt x 325.71841pt on input line 40
6.
 [31

 <./OOP.pdf

pdfTeX warning: /usr/bin/pdflatex (file ./OOP.pdf): PDF inclusion: invalid othe
r resource which is no dict (key 'ProcSets', type <array>); ignored.
>] [32] [33]
<memory_candidate.pdf, id=954, pagebox=cropbox, 715.67375pt x 468.75125pt>
File: memory_candidate.pdf Graphic file (type pdf)
<use memory_candidate.pdf>
Package pdftex.def Info: memory_candidate.pdf  used on input line 433. on input
 line 433.
Package pdftex.def Info: Requested size: 345.0pt x 225.97078pt on input line 43
3.
 [34

 <./memory_candidate.pdf

pdfTeX warning: /usr/bin/pdflatex (file ./memory_candidate.pdf): PDF inclusion:
 invalid other resource which is no dict (key 'ProcSets', type <array>); ignore
d.
>]
<memory_insight.pdf, id=995, pagebox=cropbox, 311.1625pt x 413.545pt>
File: memory_insight.pdf Graphic file (type pdf)
<use memory_insight.pdf>
Package pdftex.def Info: memory_insight.pdf  used on input line 441. on input l
ine 441.
Package pdftex.def Info: Requested size: 156.49014pt x 207.98354pt on input lin
e 441.

Overfull \hbox (1.60251pt too wide) in paragraph at lines 446--447
[]\OT1/cmr/m/n/10 Parameter op-tions are \OT1/cmr/bx/n/10 [True,False] 
 []


Underfull \hbox (badness 10000) in paragraph at lines 449--450

 []

[35

 <./memory_insight.pdf

pdfTeX warning: /usr/bin/pdflatex (file ./memory_insight.pdf): PDF inclusion: i
nvalid other resource which is no dict (key 'ProcSets', type <array>); ignored.

>]
Underfull \hbox (badness 10000) in paragraph at lines 470--473

 []

[36]
Package hyperref Info: bookmark level for unknown algorithm defaults to 0 on in
put line 502.
 [37]
<est11.pdf, id=1069, pagebox=cropbox, 553.02545pt x 435.41924pt>
File: est11.pdf Graphic file (type pdf)
<use est11.pdf>
Package pdftex.def Info: est11.pdf  used on input line 529. on input line 529.
Package pdftex.def Info: Requested size: 260.0pt x 204.7135pt on input line 529
.
<est12.pdf, id=1070, pagebox=cropbox, 556.2249pt x 435.41924pt>
File: est12.pdf Graphic file (type pdf)
<use est12.pdf>
Package pdftex.def Info: est12.pdf  used on input line 530. on input line 530.
Package pdftex.def Info: Requested size: 260.0pt x 203.53088pt on input line 53
0.
<est21.pdf, id=1071, pagebox=cropbox, 553.02545pt x 435.41924pt>
File: est21.pdf Graphic file (type pdf)
<use est21.pdf>
Package pdftex.def Info: est21.pdf  used on input line 536. on input line 536.
Package pdftex.def Info: Requested size: 260.0pt x 204.7135pt on input line 536
.
<est22.pdf, id=1072, pagebox=cropbox, 556.2249pt x 435.41924pt>
File: est22.pdf Graphic file (type pdf)
<use est22.pdf>
Package pdftex.def Info: est22.pdf  used on input line 537. on input line 537.
Package pdftex.def Info: Requested size: 260.0pt x 203.53088pt on input line 53
7.
 [38

 <./est11.pdf> <./est12.pdf

pdfTeX warning: /usr/bin/pdflatex (file ./est12.pdf): PDF inclusion: multiple p
dfs with page group included in a single page
>] [39 <./est21.pdf> <./est22.pdf

pdfTeX warning: /usr/bin/pdflatex (file ./est22.pdf): PDF inclusion: multiple p
dfs with page group included in a single page
>] [40

]
<Mutation.pdf, id=1235, pagebox=cropbox, 350.30875pt x 513.92pt>
File: Mutation.pdf Graphic file (type pdf)
<use Mutation.pdf>
Package pdftex.def Info: Mutation.pdf  used on input line 552. on input line 55
2.
Package pdftex.def Info: Requested size: 250.0pt x 366.76776pt on input line 55
2.
 [41 <./Mutation.pdf

pdfTeX warning: /usr/bin/pdflatex (file ./Mutation.pdf): PDF inclusion: invalid
 other resource which is no dict (key 'ProcSets', type <array>); ignored.
>] [42] [43]
<overview.pdf, id=1303, pagebox=cropbox, 477.785pt x 731.73375pt>
File: overview.pdf Graphic file (type pdf)
<use overview.pdf>
Package pdftex.def Info: overview.pdf  used on input line 610. on input line 61
0.
Package pdftex.def Info: Requested size: 330.0pt x 505.39928pt on input line 61
0.
 [44

 <./overview.pdf

pdfTeX warning: /usr/bin/pdflatex (file ./overview.pdf): PDF inclusion: invalid
 other resource which is no dict (key 'ProcSets', type <array>); ignored.
>]
Underfull \hbox (badness 10000) in paragraph at lines 620--621

 []

[45

]
<run_workflow.pdf, id=1335, pagebox=cropbox, 334.24875pt x 604.2575pt>
File: run_workflow.pdf Graphic file (type pdf)
<use run_workflow.pdf>
Package pdftex.def Info: run_workflow.pdf  used on input line 639. on input lin
e 639.
Package pdftex.def Info: Requested size: 240.0pt x 433.88489pt on input line 63
9.
 [46

 <./run_workflow.pdf

pdfTeX warning: /usr/bin/pdflatex (file ./run_workflow.pdf): PDF inclusion: inv
alid other resource which is no dict (key 'ProcSets', type <array>); ignored.
>]
Overfull \hbox (4.5668pt too wide) in paragraph at lines 691--691
[]\OT1/cmtt/m/n/7 Setting                                            Default va
lue     Optimal value  Confidence[] 
 []


Overfull \hbox (12.0044pt too wide) in paragraph at lines 691--691
[]\OT1/cmtt/m/n/7 ----------------------------------------------  -------------
---  ----------------  ------------[] 
 []

[47

] [48]
Chapter 5.
[49

] [50

] [51

] [52]
<runlogs/final5/1.pdf, id=1398, pagebox=cropbox, 410.60086pt x 312.99384pt>
File: runlogs/final5/1.pdf Graphic file (type pdf)
<use runlogs/final5/1.pdf>
Package pdftex.def Info: runlogs/final5/1.pdf  used on input line 771. on input
 line 771.
Package pdftex.def Info: Requested size: 300.0pt x 228.68417pt on input line 77
1.
<runlogs/final5/2.pdf, id=1399, pagebox=cropbox, 410.76117pt x 312.99384pt>
File: runlogs/final5/2.pdf Graphic file (type pdf)
<use runlogs/final5/2.pdf>
Package pdftex.def Info: runlogs/final5/2.pdf  used on input line 777. on input
 line 777.
Package pdftex.def Info: Requested size: 300.0pt x 228.5982pt on input line 777
.
<runlogs/final5/3.pdf, id=1400, pagebox=cropbox, 413.96062pt x 312.99384pt>
File: runlogs/final5/3.pdf Graphic file (type pdf)
<use runlogs/final5/3.pdf>
Package pdftex.def Info: runlogs/final5/3.pdf  used on input line 783. on input
 line 783.
Package pdftex.def Info: Requested size: 300.0pt x 226.84068pt on input line 78
3.
<runlogs/final5/4.pdf, id=1401, pagebox=cropbox, 410.60086pt x 296.25945pt>
File: runlogs/final5/4.pdf Graphic file (type pdf)
<use runlogs/final5/4.pdf>
Package pdftex.def Info: runlogs/final5/4.pdf  used on input line 789. on input
 line 789.
Package pdftex.def Info: Requested size: 300.0pt x 216.45744pt on input line 78
9.
 [53

 <./runlogs/final5/1.pdf> <./runlogs/final5/2.pdf

pdfTeX warning: /usr/bin/pdflatex (file ./runlogs/final5/2.pdf): PDF inclusion:
 multiple pdfs with page group included in a single page
>] [54 <./runlogs/final5/3.pdf> <./runlogs/final5/4.pdf

pdfTeX warning: /usr/bin/pdflatex (file ./runlogs/final5/4.pdf): PDF inclusion:
 multiple pdfs with page group included in a single page
>] [55

]
<runlogs/final7/1.pdf, id=1564, pagebox=cropbox, 410.60086pt x 312.99384pt>
File: runlogs/final7/1.pdf Graphic file (type pdf)
<use runlogs/final7/1.pdf>
Package pdftex.def Info: runlogs/final7/1.pdf  used on input line 812. on input
 line 812.
Package pdftex.def Info: Requested size: 300.0pt x 228.68417pt on input line 81
2.
<runlogs/final7/2.pdf, id=1565, pagebox=cropbox, 420.88924pt x 312.99384pt>
File: runlogs/final7/2.pdf Graphic file (type pdf)
<use runlogs/final7/2.pdf>
Package pdftex.def Info: runlogs/final7/2.pdf  used on input line 818. on input
 line 818.
Package pdftex.def Info: Requested size: 300.0pt x 223.10115pt on input line 81
8.
<runlogs/final7/3.pdf, id=1566, pagebox=cropbox, 418.86606pt x 312.99384pt>
File: runlogs/final7/3.pdf Graphic file (type pdf)
<use runlogs/final7/3.pdf>
Package pdftex.def Info: runlogs/final7/3.pdf  used on input line 824. on input
 line 824.
Package pdftex.def Info: Requested size: 300.0pt x 224.18051pt on input line 82
4.
<runlogs/final7/4.pdf, id=1567, pagebox=cropbox, 410.60086pt x 296.25945pt>
File: runlogs/final7/4.pdf Graphic file (type pdf)
<use runlogs/final7/4.pdf>
Package pdftex.def Info: runlogs/final7/4.pdf  used on input line 830. on input
 line 830.
Package pdftex.def Info: Requested size: 300.0pt x 216.45744pt on input line 83
0.
 [56

 <./runlogs/final7/1.pdf> <./runlogs/final7/2.pdf

pdfTeX warning: /usr/bin/pdflatex (file ./runlogs/final7/2.pdf): PDF inclusion:
 multiple pdfs with page group included in a single page
>] [57 <./runlogs/final7/3.pdf> <./runlogs/final7/4.pdf

pdfTeX warning: /usr/bin/pdflatex (file ./runlogs/final7/4.pdf): PDF inclusion:
 multiple pdfs with page group included in a single page
>] [58

]
<runlogs/final9/1.pdf, id=1727, pagebox=cropbox, 410.60086pt x 312.99384pt>
File: runlogs/final9/1.pdf Graphic file (type pdf)
<use runlogs/final9/1.pdf>
Package pdftex.def Info: runlogs/final9/1.pdf  used on input line 853. on input
 line 853.
Package pdftex.def Info: Requested size: 300.0pt x 228.68417pt on input line 85
3.
<runlogs/final9/2.pdf, id=1728, pagebox=cropbox, 414.65474pt x 312.99384pt>
File: runlogs/final9/2.pdf Graphic file (type pdf)
<use runlogs/final9/2.pdf>
Package pdftex.def Info: runlogs/final9/2.pdf  used on input line 859. on input
 line 859.
Package pdftex.def Info: Requested size: 300.0pt x 226.46338pt on input line 85
9.
<runlogs/final9/3.pdf, id=1729, pagebox=cropbox, 421.03796pt x 312.99384pt>
File: runlogs/final9/3.pdf Graphic file (type pdf)
<use runlogs/final9/3.pdf>
Package pdftex.def Info: runlogs/final9/3.pdf  used on input line 865. on input
 line 865.
Package pdftex.def Info: Requested size: 300.0pt x 223.01518pt on input line 86
5.
<runlogs/final9/4.pdf, id=1730, pagebox=cropbox, 416.98409pt x 296.25945pt>
File: runlogs/final9/4.pdf Graphic file (type pdf)
<use runlogs/final9/4.pdf>
Package pdftex.def Info: runlogs/final9/4.pdf  used on input line 871. on input
 line 871.
Package pdftex.def Info: Requested size: 300.0pt x 213.1484pt on input line 871
.
 [59

 <./runlogs/final9/1.pdf> <./runlogs/final9/2.pdf

pdfTeX warning: /usr/bin/pdflatex (file ./runlogs/final9/2.pdf): PDF inclusion:
 multiple pdfs with page group included in a single page
>] [60 <./runlogs/final9/3.pdf> <./runlogs/final9/4.pdf

pdfTeX warning: /usr/bin/pdflatex (file ./runlogs/final9/4.pdf): PDF inclusion:
 multiple pdfs with page group included in a single page
>]
<criticalcon1.pdf, id=1879, pagebox=cropbox, 692.3466pt x 491.436pt>
File: criticalcon1.pdf Graphic file (type pdf)
<use criticalcon1.pdf>
Package pdftex.def Info: criticalcon1.pdf  used on input line 882. on input lin
e 882.
Package pdftex.def Info: Requested size: 310.0pt x 220.04184pt on input line 88
2.
 [61

 <./criticalcon1.pdf>] [62]
<accon.pdf, id=1933, pagebox=cropbox, 589.00049pt x 480.59549pt>
File: accon.pdf Graphic file (type pdf)
<use accon.pdf>
Package pdftex.def Info: accon.pdf  used on input line 914. on input line 914.
Package pdftex.def Info: Requested size: 310.0pt x 252.9544pt on input line 914
.
 [63

 <./accon.pdf>]
<costsaving.png, id=1974, 559.3698pt x 419.8887pt>
File: costsaving.png Graphic file (type png)
<use costsaving.png>
Package pdftex.def Info: costsaving.png  used on input line 940. on input line 
940.
Package pdftex.def Info: Requested size: 345.0pt x 258.98283pt on input line 94
0.
<costsaving2.pdf, id=1977, pagebox=cropbox, 586.10968pt x 438.67891pt>
File: costsaving2.pdf Graphic file (type pdf)
<use costsaving2.pdf>
Package pdftex.def Info: costsaving2.pdf  used on input line 947. on input line
 947.
Package pdftex.def Info: Requested size: 345.0pt x 258.22256pt on input line 94
7.
 [64 <./costsaving.png>]
[65 <./costsaving2.pdf>]
Chapter 6.
[66

] [67] [68

] [69]
Chapter 7.
[70

] [71]
Chapter 8.
[72

] [73

]
Underfull \hbox (badness 10000) in paragraph at lines 1024--1025
[]\OT1/cmr/m/n/10 Apache Soft-ware Foun-da-tion (Jan-uary 2018)
 []


Underfull \hbox (badness 10000) in paragraph at lines 1024--1025
\OT1/cmr/m/it/10 https://hadoop.apache.org/docs/stable/hadoop-yarn/hadoop-yarn-

 []


Overfull \hbox (17.82553pt too wide) in paragraph at lines 1030--1031
[]\OT1/cmr/m/n/10 Michael Klee-ham-mer (2018, Febru-ary) \OT1/cmr/m/it/10 https
://github.com/mkleehammer/pyodbc 
 []


Underfull \hbox (badness 10000) in paragraph at lines 1042--1043
[]\OT1/cmr/m/n/10 Modis (2018, Febru-ary) \OT1/cmr/m/it/10 http://www.modis.com
/it-
 []

[74

]
Underfull \hbox (badness 10000) in paragraph at lines 1048--1049
[]\OT1/cmr/m/n/10 Apache Soft-ware Foun-da-tion (2018, Jan-uary)
 []


Underfull \hbox (badness 10000) in paragraph at lines 1050--1052
[]\OT1/cmr/m/n/10 Apache Soft-ware Foun-da-tion (2018, Jan-uary)
 []


Underfull \hbox (badness 10000) in paragraph at lines 1053--1054
[]\OT1/cmr/m/n/10 Apache Soft-ware Foun-da-tion (2018, Febru-ary)
 []


Underfull \hbox (badness 10000) in paragraph at lines 1057--1059
[]\OT1/cmr/m/n/10 2018 Bet-ter-Cloud Mon-i-tor (2018, Febru-ary)
 []


Underfull \hbox (badness 10000) in paragraph at lines 1057--1059
\OT1/cmr/m/it/10 https://www.bettercloud.com/monitor/real-time-enterprise-messa
ging-
 []


Underfull \hbox (badness 4805) in paragraph at lines 1060--1061
[]\OT1/cmr/m/n/10 Stack Ex-change Inc, posted by user: Thoth (2018, Febru-ary)
 []


Underfull \hbox (badness 10000) in paragraph at lines 1060--1061
\OT1/cmr/m/it/10 https://stackoverflow.com/questions/42403229/mysql-database-wi
th-
 []


Underfull \hbox (badness 1478) in paragraph at lines 1070--1071
[]\OT1/cmr/m/n/10 Statista, Inc (2018, Febru-ary) \OT1/cmr/m/it/10 https://www.
statista.com/statistics/ +
 []


Underfull \hbox (badness 6428) in paragraph at lines 1072--1073
[]\OT1/cmr/m/n/10 Github user Edlich, cu-rated list (2018, Febru-ary) \OT1/cmr/
m/it/10 http://nosql-
 []


Underfull \hbox (badness 10000) in paragraph at lines 1078--1080
[]\OT1/cmr/m/n/10 Apache Soft-ware Foun-da-tion (2018, March)
 []

[75]
Underfull \hbox (badness 10000) in paragraph at lines 1086--1089
\OT1/cmr/m/it/10 https://www.globalknowledge.com/us-en/content/articles/big-dat
a-and-
 []


Underfull \hbox (badness 10000) in paragraph at lines 1090--1092
[]\OT1/cmr/m/n/10 SiliconANGLE Me-dia, Inc. (2018, March)
 []


Underfull \hbox (badness 10000) in paragraph at lines 1090--1092
\OT1/cmr/m/it/10 https://siliconangle.com/blog/2012/08/01/hadoop-big-data-repor
ts-future-
 []

[76]
Appendix A.
[77

]
Appendix B.
[78

] [79]
Appendix C.
[80

]
Appendix D.

Underfull \hbox (badness 10000) in paragraph at lines 1225--1250

 []


Underfull \hbox (badness 10000) in paragraph at lines 1225--1250

 []


Underfull \hbox (badness 10000) in paragraph at lines 1225--1250

 []

<repo_tree.pdf, id=2103, pagebox=cropbox, 644.4075pt x 525.965pt>
File: repo_tree.pdf Graphic file (type pdf)
<use repo_tree.pdf>
Package pdftex.def Info: repo_tree.pdf  used on input line 1254. on input line 
1254.
Package pdftex.def Info: Requested size: 345.0pt x 281.60117pt on input line 12
54.
[81

] [82 <./repo_tree.pdf

pdfTeX warning: /usr/bin/pdflatex (file ./repo_tree.pdf): PDF inclusion: invali
d other resource which is no dict (key 'ProcSets', type <array>); ignored.
>] (/usr/share/texlive/texmf-dist/tex/latex/listings/lstlang1.sty
File: lstlang1.sty 2015/06/04 1.6 listings language file
)
Package hyperref Info: bookmark level for unknown lstlisting defaults to 0 on i
nput line 1275.
 [83]
LaTeX Font Info:    Font shape `OML/cmr/m/n' in size <8> not available
(Font)              Font shape `OML/cmm/m/it' tried instead on input line 1335.

LaTeX Font Info:    Font shape `OMS/cmr/m/n' in size <8> not available
(Font)              Font shape `OMS/cmsy/m/n' tried instead on input line 1344.


[84] [85] [86] [87] [88] [89] [90] [91] [92] [93] [94]
Underfull \hbox (badness 1173) in paragraph at lines 1905--1906
[]\OT1/cmr/m/n/10 Stores all four graphs shown when us-ing
 []

[95] [96] [97] [98] [99] [100]
Package atveryend Info: Empty hook `BeforeClearDocument' on input line 2236.
 [101]
Package atveryend Info: Empty hook `AfterLastShipout' on input line 2236.
 (./main.aux)
Package atveryend Info: Executing hook `AtVeryEndDocument' on input line 2236.
Package atveryend Info: Executing hook `AtEndAfterFileList' on input line 2236.

Package rerunfilecheck Info: File `main.out' has not changed.
(rerunfilecheck)             Checksum: 3A5272634E615A96E2B0169078673945;7927.
Package atveryend Info: Empty hook `AtVeryVeryEnd' on input line 2236.
 ) 
Here is how much of TeX's memory you used:
 12880 strings out of 492990
 194421 string characters out of 6135005
 600198 words of memory out of 5000000
 14944 multiletter control sequences out of 15000+600000
 27998 words of font info for 51 fonts, out of 8000000 for 9000
 1141 hyphenation exceptions out of 8191
 44i,12n,45p,1929b,2016s stack positions out of 5000i,500n,10000p,200000b,80000s
{/usr/share/texmf/fonts/enc/dvips/cm-super/cm-super-t1.enc}{/usr/share/texliv
e/texmf-dist/fonts/enc/dvips/base/8r.enc}</usr/share/texlive/texmf-dist/fonts/t
ype1/public/amsfonts/cm/cmbx10.pfb></usr/share/texlive/texmf-dist/fonts/type1/p
ublic/amsfonts/cm/cmbx12.pfb></usr/share/texlive/texmf-dist/fonts/type1/public/
amsfonts/cm/cmbx7.pfb></usr/share/texlive/texmf-dist/fonts/type1/public/amsfont
s/cm/cmex10.pfb></usr/share/texlive/texmf-dist/fonts/type1/public/amsfonts/cm/c
mmi10.pfb></usr/share/texlive/texmf-dist/fonts/type1/public/amsfonts/cm/cmmi5.p
fb></usr/share/texlive/texmf-dist/fonts/type1/public/amsfonts/cm/cmmi7.pfb></us
r/share/texlive/texmf-dist/fonts/type1/public/amsfonts/cm/cmmi8.pfb></usr/share
/texlive/texmf-dist/fonts/type1/public/amsfonts/cm/cmr10.pfb></usr/share/texliv
e/texmf-dist/fonts/type1/public/amsfonts/cm/cmr5.pfb></usr/share/texlive/texmf-
dist/fonts/type1/public/amsfonts/cm/cmr7.pfb></usr/share/texlive/texmf-dist/fon
ts/type1/public/amsfonts/cm/cmr8.pfb></usr/share/texlive/texmf-dist/fonts/type1
/public/amsfonts/cm/cmsy10.pfb></usr/share/texlive/texmf-dist/fonts/type1/publi
c/amsfonts/cm/cmsy7.pfb></usr/share/texlive/texmf-dist/fonts/type1/public/amsfo
nts/cm/cmsy8.pfb></usr/share/texlive/texmf-dist/fonts/type1/public/amsfonts/cm/
cmti10.pfb></usr/share/texlive/texmf-dist/fonts/type1/public/amsfonts/cm/cmtt10
.pfb></usr/share/texlive/texmf-dist/fonts/type1/public/amsfonts/cm/cmtt8.pfb></
usr/share/texmf/fonts/type1/public/cm-super/sftt1000.pfb></usr/share/texlive/te
xmf-dist/fonts/type1/urw/helvetic/uhvb8a.pfb></usr/share/texlive/texmf-dist/fon
ts/type1/urw/helvetic/uhvr8a.pfb></usr/share/texlive/texmf-dist/fonts/type1/urw
/helvetic/uhvro8a.pfb>
Output written on main.pdf (105 pages, 1609980 bytes).
PDF statistics:
 3506 PDF objects out of 3580 (max. 8388607)
 2673 compressed objects within 27 object streams
 1293 named destinations out of 1440 (max. 500000)
 1112 words of extra memory for PDF output out of 10000 (max. 10000000)

