\BOOKMARK [1][-]{section.0.1}{Summary}{}% 1
\BOOKMARK [1][-]{section.0.2}{Foreword}{}% 2
\BOOKMARK [0][-]{chapter.1}{Introduction}{}% 3
\BOOKMARK [1][-]{section.1.1}{Target group}{chapter.1}% 4
\BOOKMARK [1][-]{section.1.2}{Area of research}{chapter.1}% 5
\BOOKMARK [1][-]{section.1.3}{Personal motivation}{chapter.1}% 6
\BOOKMARK [1][-]{section.1.4}{Research method in brief}{chapter.1}% 7
\BOOKMARK [1][-]{section.1.5}{Most relevant previous findings}{chapter.1}% 8
\BOOKMARK [1][-]{section.1.6}{Starfish}{chapter.1}% 9
\BOOKMARK [1][-]{section.1.7}{Why is this worthwhile}{chapter.1}% 10
\BOOKMARK [1][-]{section.1.8}{How far will this advance the field?}{chapter.1}% 11
\BOOKMARK [1][-]{section.1.9}{Structure of the report}{chapter.1}% 12
\BOOKMARK [0][-]{chapter.2}{Background}{}% 13
\BOOKMARK [1][-]{section.2.1}{History}{chapter.2}% 14
\BOOKMARK [2][-]{subsection.2.1.1}{Creation and adoption of Hadoop}{section.2.1}% 15
\BOOKMARK [2][-]{subsection.2.1.2}{Google branching out with Dremel}{section.2.1}% 16
\BOOKMARK [0][-]{chapter.3}{Related literature and theoretical focus}{}% 17
\BOOKMARK [1][-]{section.3.1}{Performance tuning MapReduce as a Research Field}{chapter.3}% 18
\BOOKMARK [1][-]{section.3.2}{Gunther}{chapter.3}% 19
\BOOKMARK [1][-]{section.3.3}{mrOnline}{chapter.3}% 20
\BOOKMARK [0][-]{chapter.4}{Presentation of domain where technology is used}{}% 21
\BOOKMARK [0][-]{chapter.5}{Method}{}% 22
\BOOKMARK [1][-]{section.5.1}{Technology}{chapter.5}% 23
\BOOKMARK [2][-]{subsection.5.1.1}{Hadoop stack}{section.5.1}% 24
\BOOKMARK [2][-]{subsection.5.1.2}{Zookeeper}{section.5.1}% 25
\BOOKMARK [2][-]{subsection.5.1.3}{Apache Drill}{section.5.1}% 26
\BOOKMARK [2][-]{subsection.5.1.4}{Drill ODBC Driver, and unixODBC}{section.5.1}% 27
\BOOKMARK [2][-]{subsection.5.1.5}{pyodbc}{section.5.1}% 28
\BOOKMARK [0][-]{chapter.6}{Results}{}% 29
\BOOKMARK [0][-]{chapter.7}{Discussion}{}% 30
\BOOKMARK [0][-]{chapter.8}{Conclusion}{}% 31
